0 info it worked if it ends with ok
1 verbose cli [ '/usr/local/bin/node', '/usr/local/bin/npm', 'publish', '.' ]
2 info using npm@1.4.28
3 info using node@v0.10.33
4 verbose publish [ '.' ]
5 verbose cache add [ '.', null ]
6 verbose cache add name=undefined spec="." args=[".",null]
7 verbose parsed url { protocol: null,
7 verbose parsed url   slashes: null,
7 verbose parsed url   auth: null,
7 verbose parsed url   host: null,
7 verbose parsed url   port: null,
7 verbose parsed url   hostname: null,
7 verbose parsed url   hash: null,
7 verbose parsed url   search: null,
7 verbose parsed url   query: null,
7 verbose parsed url   pathname: '.',
7 verbose parsed url   path: '.',
7 verbose parsed url   href: '.' }
8 silly lockFile 3a52ce78- .
9 verbose lock . /home/sciraolo/.npm/3a52ce78-.lock
10 verbose tar pack [ '/home/sciraolo/.npm/maze-cube/0.0.0/package.tgz', '.' ]
11 verbose tarball /home/sciraolo/.npm/maze-cube/0.0.0/package.tgz
12 verbose folder .
13 info prepublish maze-cube@0.0.0
14 silly lockFile 1f1177db-tar tar://.
15 verbose lock tar://. /home/sciraolo/.npm/1f1177db-tar.lock
16 silly lockFile fd9d25c8--npm-maze-cube-0-0-0-package-tgz tar:///home/sciraolo/.npm/maze-cube/0.0.0/package.tgz
17 verbose lock tar:///home/sciraolo/.npm/maze-cube/0.0.0/package.tgz /home/sciraolo/.npm/fd9d25c8--npm-maze-cube-0-0-0-package-tgz.lock
18 silly lockFile 1f1177db-tar tar://.
19 silly lockFile 1f1177db-tar tar://.
20 silly lockFile fd9d25c8--npm-maze-cube-0-0-0-package-tgz tar:///home/sciraolo/.npm/maze-cube/0.0.0/package.tgz
21 silly lockFile fd9d25c8--npm-maze-cube-0-0-0-package-tgz tar:///home/sciraolo/.npm/maze-cube/0.0.0/package.tgz
22 silly lockFile ff7c88fa-aolo-npm-maze-cube-0-0-0-package /home/sciraolo/.npm/maze-cube/0.0.0/package
23 verbose lock /home/sciraolo/.npm/maze-cube/0.0.0/package /home/sciraolo/.npm/ff7c88fa-aolo-npm-maze-cube-0-0-0-package.lock
24 silly lockFile ff7c88fa-aolo-npm-maze-cube-0-0-0-package /home/sciraolo/.npm/maze-cube/0.0.0/package
25 silly lockFile ff7c88fa-aolo-npm-maze-cube-0-0-0-package /home/sciraolo/.npm/maze-cube/0.0.0/package
26 silly lockFile 3a52ce78- .
27 silly lockFile 3a52ce78- .
28 silly publish { name: 'maze-cube',
28 silly publish   version: '0.0.0',
28 silly publish   description: 'Library to create a multidimensional maze',
28 silly publish   homepage: 'https://github.com/cirsteve/maze-cube',
28 silly publish   main: 'maze.js',
28 silly publish   repository: { type: 'git', url: 'git@github.com:cirsteve/maze-cube.git' },
28 silly publish   scripts: { test: 'echo "Error: no test specified" && exit 1' },
28 silly publish   author:
28 silly publish    { name: 'Steven Ciraolo',
28 silly publish      email: 'steven.ciraolo@gmail.com',
28 silly publish      url: 'https://github.com/cirsteve' },
28 silly publish   license: 'BSD-2-Clause',
28 silly publish   readme: 'Multi dimensional maze generation library. Uses the Kruskal maze generation algorithm.\n\nProvides an object which can be initialized with an argument object, {x:10,y:10,z:5}, with 3 attributes:\n\nx- the number of x axis nodes\ny- the number of y axis nodes\nz- the number of levels, vertically aligned\n\n```js\nvar CubeMaze = require(\'cube-maze\');\n\nvar maze = new CubeMaze({x:10,y:10,z:10});\n\n\n',
28 silly publish   readmeFilename: 'README.md',
28 silly publish   gitHead: '817c31125e39b71710b80fa3cd3dae2f2a81578e',
28 silly publish   bugs: { url: 'https://github.com/cirsteve/maze-cube/issues' },
28 silly publish   _id: 'maze-cube@0.0.0',
28 silly publish   _shasum: 'bd7390f9627b1deda37554993b4cf944c17d1558',
28 silly publish   _from: '.' }
29 verbose request where is /maze-cube
30 verbose request registry https://registry.npmjs.org/
31 verbose request id ad5483d2690785fd
32 verbose url raw /maze-cube
33 verbose url resolving [ 'https://registry.npmjs.org/', './maze-cube' ]
34 verbose url resolved https://registry.npmjs.org/maze-cube
35 verbose request where is https://registry.npmjs.org/maze-cube
36 info trying registry request attempt 1 at 07:37:41
37 http PUT https://registry.npmjs.org/maze-cube
38 http 403 https://registry.npmjs.org/maze-cube
39 verbose headers { date: 'Sat, 07 Mar 2015 15:37:39 GMT',
39 verbose headers   server: 'CouchDB/1.5.0 (Erlang OTP/R16B03)',
39 verbose headers   'content-type': 'application/json',
39 verbose headers   'cache-control': 'max-age=60',
39 verbose headers   'content-length': '2581',
39 verbose headers   'accept-ranges': 'bytes',
39 verbose headers   via: '1.1 varnish',
39 verbose headers   'x-served-by': 'cache-sjc3132-SJC',
39 verbose headers   'x-cache': 'MISS',
39 verbose headers   'x-cache-hits': '0',
39 verbose headers   'x-timer': 'S1425742659.059161,VS0,VE125',
39 verbose headers   'keep-alive': 'timeout=10, max=50',
39 verbose headers   connection: 'Keep-Alive' }
40 error publish Failed PUT 403
41 error Error: forbidden cannot modify pre-existing version: 0.0.0
41 error old={"name":"maze-cube","version":"0.0.0","description":"Library to create a multidimensional maze","homepage":"https://github.com/cirsteve/maze-cube","main":"maze.js","repository":{"type":"git","url":"git@github.com:cirsteve/maze-cube.git"},"scripts":{"test":"echo \"Error: no test specified\" && exit 1"},"author":{"name":"Steven Ciraolo","email":"steven.ciraolo@gmail.com","url":"https://github.com/cirsteve"},"license":"BSD-2-Clause","bugs":{"url":"https://github.com/cirsteve/maze-cube/issues"},"_id":"maze-cube@0.0.0","dist":{"shasum":"6f75c1468627c7c2d6793214ee4596cc82757346","tarball":"http://registry.npmjs.org/maze-cube/-/maze-cube-0.0.0.tgz"},"_from":"./","_npmVersion":"1.3.10","_npmUser":{"name":"cirsteve","email":"steven.ciraolo@gmail.com"},"maintainers":[{"name":"cirsteve","email":"steven.ciraolo@gmail.com"}]}
41 error new={"name":"maze-cube","version":"0.0.0","description":"Library to create a multidimensional maze","homepage":"https://github.com/cirsteve/maze-cube","main":"maze.js","repository":{"type":"git","url":"git@github.com:cirsteve/maze-cube.git"},"scripts":{"test":"echo \"Error: no test specified\" && exit 1"},"author":{"name":"Steven Ciraolo","email":"steven.ciraolo@gmail.com","url":"https://github.com/cirsteve"},"license":"BSD-2-Clause","readme":"Multi dimensional maze generation library. Uses the Kruskal maze generation algorithm.\u000a\u000aProvides an object which can be initialized with an argument object, {x:10,y:10,z:5}, with 3 attributes:\u000a\u000ax- the number of x axis nodes\u000ay- the number of y axis nodes\u000az- the number of levels, vertically aligned\u000a\u000a```js\u000avar CubeMaze = require('cube-maze');\u000a\u000avar maze = new CubeMaze({x:10,y:10,z:10});\u000a\u000a\u000a","readmeFilename":"README.md","gitHead":"817c31125e39b71710b80fa3cd3dae2f2a81578e","bugs":{"url":"https://github.com/cirsteve/maze-cube/issues"},"_id":"maze-cube@0.0.0","_shasum":"bd7390f9627b1deda37554993b4cf944c17d1558","_from":".","_npmVersion":"1.4.28","_npmUser":{"name":"cirsteve","email":"steven.ciraolo@gmail.com"},"maintainers":[{"name":"cirsteve","email":"steven.ciraolo@gmail.com"}],"dist":{"shasum":"bd7390f9627b1deda37554993b4cf944c17d1558","tarball":"http://registry.npmjs.org/maze-cube/-/maze-cube-0.0.0.tgz"}}: maze-cube
41 error     at RegClient.<anonymous> (/usr/local/lib/node_modules/npm/node_modules/npm-registry-client/lib/request.js:308:14)
41 error     at Request._callback (/usr/local/lib/node_modules/npm/node_modules/npm-registry-client/lib/request.js:246:65)
41 error     at Request.self.callback (/usr/local/lib/node_modules/npm/node_modules/request/request.js:236:22)
41 error     at Request.emit (events.js:98:17)
41 error     at Request.<anonymous> (/usr/local/lib/node_modules/npm/node_modules/request/request.js:1142:14)
41 error     at Request.emit (events.js:117:20)
41 error     at IncomingMessage.<anonymous> (/usr/local/lib/node_modules/npm/node_modules/request/request.js:1096:12)
41 error     at IncomingMessage.emit (events.js:117:20)
41 error     at _stream_readable.js:943:16
41 error     at process._tickCallback (node.js:419:13)
42 error If you need help, you may report this *entire* log,
42 error including the npm and node versions, at:
42 error     <http://github.com/npm/npm/issues>
43 error System Linux 3.13.0-46-generic
44 error command "/usr/local/bin/node" "/usr/local/bin/npm" "publish" "."
45 error cwd /home/sciraolo/codes/maze-cube
46 error node -v v0.10.33
47 error npm -v 1.4.28
48 verbose exit [ 1, true ]
